  C2SIMinterface.cpp
  Unknown compiler version - please run the configure tests and report the results
C:\MAK\vrforces5.0.2\include\boost\asio\buffer.hpp(531,5): warning C4834: discarding return value of function with 'nodiscard' attribute
C:\MAK\vrforces5.0.2\include\boost\asio\buffer.hpp(529,8): message : while compiling class template member function 'void boost::asio::detail::buffer_debug_check<std::_Vector_iterator<std::_Vector_val<std::_Simple_types<_Ty>>>>::operator ()(void)'
          with
          [
              _Ty=boost::asio::detail::buffered_stream_storage::byte_type
          ]
C:\Program Files\Microsoft Visual Studio\2022\Community\VC\Tools\MSVC\14.37.32822\include\type_traits(1752,5): message : see the first reference to 'boost::asio::detail::buffer_debug_check<std::_Vector_iterator<std::_Vector_val<std::_Simple_types<_Ty>>>>::operator ()' in 'std::invoke'
          with
          [
              _Ty=boost::asio::detail::buffered_stream_storage::byte_type
          ]
C:\MAK\vrforces5.0.2\include\boost\asio\buffer.hpp(1119,12): message : see reference to class template instantiation 'boost::asio::detail::buffer_debug_check<std::_Vector_iterator<std::_Vector_val<std::_Simple_types<_Ty>>>>' being compiled
          with
          [
              _Ty=boost::asio::detail::buffered_stream_storage::byte_type
          ]
C:\MAK\vrforces5.0.2\include\boost\asio\detail\buffered_stream_storage.hpp(58,25): message : see reference to function template instantiation 'boost::asio::mutable_buffers_1 boost::asio::buffer<boost::asio::detail::buffered_stream_storage::byte_type,std::allocator<boost::asio::detail::buffered_stream_storage::byte_type>>(std::vector<boost::asio::detail::buffered_stream_storage::byte_type,std::allocator<boost::asio::detail::buffered_stream_storage::byte_type>> &)' being compiled
  C2SIMxmlHandler.cpp
  Unknown compiler version - please run the configure tests and report the results
  remoteControlInit.cxx
  xerces_utils.cpp
  main.cxx
  Unknown compiler version - please run the configure tests and report the results
C:\MAK\vrforces5.0.2\include\boost\asio\buffer.hpp(531,5): warning C4834: discarding return value of function with 'nodiscard' attribute
C:\MAK\vrforces5.0.2\include\boost\asio\buffer.hpp(529,8): message : while compiling class template member function 'void boost::asio::detail::buffer_debug_check<std::_Vector_iterator<std::_Vector_val<std::_Simple_types<_Ty>>>>::operator ()(void)'
          with
          [
              _Ty=boost::asio::detail::buffered_stream_storage::byte_type
          ]
C:\Program Files\Microsoft Visual Studio\2022\Community\VC\Tools\MSVC\14.37.32822\include\type_traits(1752,5): message : see the first reference to 'boost::asio::detail::buffer_debug_check<std::_Vector_iterator<std::_Vector_val<std::_Simple_types<_Ty>>>>::operator ()' in 'std::invoke'
          with
          [
              _Ty=boost::asio::detail::buffered_stream_storage::byte_type
          ]
C:\MAK\vrforces5.0.2\include\boost\asio\buffer.hpp(1119,12): message : see reference to class template instantiation 'boost::asio::detail::buffer_debug_check<std::_Vector_iterator<std::_Vector_val<std::_Simple_types<_Ty>>>>' being compiled
          with
          [
              _Ty=boost::asio::detail::buffered_stream_storage::byte_type
          ]
C:\MAK\vrforces5.0.2\include\boost\asio\detail\buffered_stream_storage.hpp(58,25): message : see reference to function template instantiation 'boost::asio::mutable_buffers_1 boost::asio::buffer<boost::asio::detail::buffered_stream_storage::byte_type,std::allocator<boost::asio::detail::buffered_stream_storage::byte_type>>(std::vector<boost::asio::detail::buffered_stream_storage::byte_type,std::allocator<boost::asio::detail::buffered_stream_storage::byte_type>> &)' being compiled
  textIf.cxx
  Unknown compiler version - please run the configure tests and report the results
C:\MAK\vrforces5.0.2\include\boost\asio\buffer.hpp(531,5): warning C4834: discarding return value of function with 'nodiscard' attribute
C:\MAK\vrforces5.0.2\include\boost\asio\buffer.hpp(529,8): message : while compiling class template member function 'void boost::asio::detail::buffer_debug_check<std::_Vector_iterator<std::_Vector_val<std::_Simple_types<_Ty>>>>::operator ()(void)'
          with
          [
              _Ty=boost::asio::detail::buffered_stream_storage::byte_type
          ]
C:\Program Files\Microsoft Visual Studio\2022\Community\VC\Tools\MSVC\14.37.32822\include\type_traits(1752,5): message : see the first reference to 'boost::asio::detail::buffer_debug_check<std::_Vector_iterator<std::_Vector_val<std::_Simple_types<_Ty>>>>::operator ()' in 'std::invoke'
          with
          [
              _Ty=boost::asio::detail::buffered_stream_storage::byte_type
          ]
C:\MAK\vrforces5.0.2\include\boost\asio\buffer.hpp(1119,12): message : see reference to class template instantiation 'boost::asio::detail::buffer_debug_check<std::_Vector_iterator<std::_Vector_val<std::_Simple_types<_Ty>>>>' being compiled
          with
          [
              _Ty=boost::asio::detail::buffered_stream_storage::byte_type
          ]
C:\MAK\vrforces5.0.2\include\boost\asio\detail\buffered_stream_storage.hpp(58,25): message : see reference to function template instantiation 'boost::asio::mutable_buffers_1 boost::asio::buffer<boost::asio::detail::buffered_stream_storage::byte_type,std::allocator<boost::asio::detail::buffered_stream_storage::byte_type>>(std::vector<boost::asio::detail::buffered_stream_storage::byte_type,std::allocator<boost::asio::detail::buffered_stream_storage::byte_type>> &)' being compiled
  Generating Code...
C2SIMClientLibd.lib(C2SIMHeader.obj) : warning LNK4099: PDB '' was not found with 'C2SIMClientLibd.lib(C2SIMHeader.obj)' or at ''; linking object as if no debug info
C2SIMClientLibd.lib(C2SIMClientREST_Lib.obj) : warning LNK4099: PDB '' was not found with 'C2SIMClientLibd.lib(C2SIMClientREST_Lib.obj)' or at ''; linking object as if no debug info
C2SIMClientLibd.lib(C2SIMSTOMPMessage.obj) : warning LNK4099: PDB '' was not found with 'C2SIMClientLibd.lib(C2SIMSTOMPMessage.obj)' or at ''; linking object as if no debug info
C2SIMClientLibd.lib(C2SIMClientSTOMP_Lib.obj) : warning LNK4099: PDB '' was not found with 'C2SIMClientLibd.lib(C2SIMClientSTOMP_Lib.obj)' or at ''; linking object as if no debug info
C2SIMClientLibd.lib(C2SIMClientException.obj) : warning LNK4099: PDB '' was not found with 'C2SIMClientLibd.lib(C2SIMClientException.obj)' or at ''; linking object as if no debug info
C2SIMClientLibd.lib(StompClient.obj) : warning LNK4099: PDB '' was not found with 'C2SIMClientLibd.lib(StompClient.obj)' or at ''; linking object as if no debug info
     Creating library build64\Debug\c2simVRFHLA1516ed.lib and object build64\Debug\c2simVRFHLA1516ed.exp
  c2simVRFHLA1516e.vcxproj -> C:\Users\PauloBarthelmess\Source\Repos\c2simVRFinterfacev2.33\build64\Debug\c2simVRFHLA1516ed.exe
  xcopy "C:\Users\PauloBarthelmess\Source\Repos\c2simVRFinterfacev2.33\build64\Debug\c2simVRFHLA1516ed.exe" bin64 /y /q
  1 File(s) copied
